<?xml version="1.0" encoding="UTF-8"?>
<!-- Generated by org.testng.reporters.JUnitReportReporter -->
<testsuite hostname="DESKTOP-4JIBQGI" failures="0" tests="41" name="com.nityaobject.roombooking.NewTestRoom" time="0.120" errors="0" timestamp="2023-05-07T13:24:21 IST" skipped="0">
  <testcase classname="com.nityaobject.roombooking.NewTestRoom" name="testingBookingPositive" time="0.039"/>
  <system-out/>
  <testcase classname="com.nityaobject.roombooking.NewTestRoom" name="testingBookingPositive" time="0.003"/>
  <system-out/>
  <testcase classname="com.nityaobject.roombooking.NewTestRoom" name="testingBookingPositive" time="0.002"/>
  <system-out/>
  <testcase classname="com.nityaobject.roombooking.NewTestRoom" name="testingBookingNegative" time="0.002"/>
  <system-out/>
  <testcase classname="com.nityaobject.roombooking.NewTestRoom" name="testingBookingNegative" time="0.001"/>
  <system-out/>
  <testcase classname="com.nityaobject.roombooking.NewTestRoom" name="testingBookingNegative" time="0.002"/>
  <system-out/>
  <testcase classname="com.nityaobject.roombooking.NewTestRoom" name="testingBookingNegative" time="0.003"/>
  <system-out/>
  <testcase classname="com.nityaobject.roombooking.NewTestRoom" name="testingBookingNegative" time="0.001"/>
  <system-out/>
  <testcase classname="com.nityaobject.roombooking.NewTestRoom" name="testingBookingNegative" time="0.002"/>
  <system-out/>
  <testcase classname="com.nityaobject.roombooking.NewTestRoom" name="testingOfFindBookingByRoomIdPositive" time="0.001"/>
  <system-out/>
  <testcase classname="com.nityaobject.roombooking.NewTestRoom" name="testingOfFindBookingByRoomIdPositive" time="0.007"/>
  <system-out/>
  <testcase classname="com.nityaobject.roombooking.NewTestRoom" name="testingOfFindBookingByRoomIdNegative" time="0.002"/>
  <system-out/>
  <testcase classname="com.nityaobject.roombooking.NewTestRoom" name="testingOfFindBookingByRoomIdNegative" time="0.000"/>
  <system-out/>
  <testcase classname="com.nityaobject.roombooking.NewTestRoom" name="testingOfFindBookingByRoomIdNegative" time="0.001"/>
  <system-out/>
  <testcase classname="com.nityaobject.roombooking.NewTestRoom" name="testingOfFindBookingByRoomIdNegative" time="0.001"/>
  <system-out/>
  <testcase classname="com.nityaobject.roombooking.NewTestRoom" name="testingOfFindBookingByCustomerIdPositive" time="0.001"/>
  <system-out/>
  <testcase classname="com.nityaobject.roombooking.NewTestRoom" name="testingOfFindBookingByCustomerIdPositive" time="0.002"/>
  <system-out/>
  <testcase classname="com.nityaobject.roombooking.NewTestRoom" name="testingOfFindBookingByCustomerIdNegative" time="0.002"/>
  <system-out/>
  <testcase classname="com.nityaobject.roombooking.NewTestRoom" name="testingOfFindBookingByCustomerIdNegative" time="0.000"/>
  <system-out/>
  <testcase classname="com.nityaobject.roombooking.NewTestRoom" name="testingCalculateAmountBookingPositive" time="0.001"/>
  <system-out/>
  <testcase classname="com.nityaobject.roombooking.NewTestRoom" name="testingCalculateAmountBookingPositive" time="0.001"/>
  <system-out/>
  <testcase classname="com.nityaobject.roombooking.NewTestRoom" name="testingCalculateAmountBookingPositive" time="0.017"/>
  <system-out/>
  <testcase classname="com.nityaobject.roombooking.NewTestRoom" name="testingCalculateAmountBookingNegative" time="0.001"/>
  <system-out/>
  <testcase classname="com.nityaobject.roombooking.NewTestRoom" name="testingCalculateAmountBookingNegative" time="0.002"/>
  <system-out/>
  <testcase classname="com.nityaobject.roombooking.NewTestRoom" name="testingCalculateAmountBookingNegative" time="0.002"/>
  <system-out/>
  <testcase classname="com.nityaobject.roombooking.NewTestRoom" name="testingCalculateAmountBookingNegative" time="0.001"/>
  <system-out/>
  <testcase classname="com.nityaobject.roombooking.NewTestRoom" name="testingCalculateAmountBookingNegative" time="0.000"/>
  <system-out/>
  <testcase classname="com.nityaobject.roombooking.NewTestRoom" name="testingCalculateAmountBookingNegative" time="0.001"/>
  <system-out/>
  <testcase classname="com.nityaobject.roombooking.NewTestRoom" name="testCancelBookingPositive" time="0.001"/>
  <system-out/>
  <testcase classname="com.nityaobject.roombooking.NewTestRoom" name="testCancelBookingPositive" time="0.008"/>
  <system-out/>
  <testcase classname="com.nityaobject.roombooking.NewTestRoom" name="testCancelBookingNegative" time="0.001"/>
  <system-out/>
  <testcase classname="com.nityaobject.roombooking.NewTestRoom" name="testCancelBookingNegative" time="0.001"/>
  <system-out/>
  <testcase classname="com.nityaobject.roombooking.NewTestRoom" name="testCancelBookingNegative" time="0.002"/>
  <system-out/>
  <testcase classname="com.nityaobject.roombooking.NewTestRoom" name="testCancelBookingNegative" time="0.000"/>
  <system-out/>
  <testcase classname="com.nityaobject.roombooking.NewTestRoom" name="testCancelBookingNegative" time="0.001"/>
  <system-out/>
  <testcase classname="com.nityaobject.roombooking.NewTestRoom" name="testCancelBookingNegative" time="0.002"/>
  <system-out/>
  <testcase classname="com.nityaobject.roombooking.NewTestRoom" name="testCancelBookingNegative" time="0.001"/>
  <system-out/>
  <testcase classname="com.nityaobject.roombooking.NewTestRoom" name="testCancelBookingNegative" time="0.001"/>
  <system-out/>
  <testcase classname="com.nityaobject.roombooking.NewTestRoom" name="testCancelBookingNegative" time="0.001"/>
  <system-out/>
  <testcase classname="com.nityaobject.roombooking.NewTestRoom" name="testCancelRoomforARangeOfdatesUsingObjectPositive" time="0.003"/>
  <system-out/>
  <testcase classname="com.nityaobject.roombooking.NewTestRoom" name="testCancelRoomforARangeOfdatesUsingObjectNegative" time="0.000"/>
  <system-out/>
</testsuite> <!-- com.nityaobject.roombooking.NewTestRoom -->
